19:42:20.415 [main] INFO  com.intuit.karate.Runner - using system property 'karate.options': --tags ~@ignore
19:42:21.076 [main] DEBUG com.intuit.karate.Suite - [config] classpath:karate-config.js
19:42:21.082 [main] DEBUG com.intuit.karate.Suite - waiting for 4 features to complete
19:42:21.908 [pool-2-thread-1] INFO  com.intuit.karate - karate.env system property was: null 
19:42:22.149 [pool-2-thread-1] DEBUG com.intuit.karate - request:
1 > GET https://serverest.dev/usuarios?_id=1&nome=10&email=dasd%40test.com&password=10&administrador=true
1 > Host: serverest.dev
1 > Connection: Keep-Alive
1 > User-Agent: Apache-HttpClient/4.5.14 (Java/17.0.16)
1 > Accept-Encoding: gzip,deflate


19:42:22.544 [pool-2-thread-1] DEBUG com.intuit.karate - response time in milliseconds: 393
1 < 200
1 < access-control-allow-origin: *
1 < x-dns-prefetch-control: off
1 < x-frame-options: SAMEORIGIN
1 < strict-transport-security: max-age=15552000; includeSubDomains
1 < x-download-options: noopen
1 < x-content-type-options: nosniff
1 < x-xss-protection: 1; mode=block
1 < content-type: application/json; charset=utf-8
1 < x-cloud-trace-context: 2481c94114ff86267479acbec4552de4;o=1
1 < date: Wed, 13 Aug 2025 00:42:22 GMT
1 < server: Google Frontend
1 < Content-Length: 43
{
    "quantidade": 0,
    "usuarios": []
}

19:42:23.032 [pool-3-thread-1] INFO  com.intuit.karate.Suite - <<pass>> feature 2 of 4 (2 remaining) classpath:features/users/listUser.feature
